<?xml version="1.0" encoding="UTF-8"?>
<!-- Generated by org.testng.reporters.JUnitReportReporter -->
<testsuite hostname="Naveen" failures="0" tests="8" name="excelr_project2.TS1toTS10" time="67.671" errors="0" timestamp="2024-04-05T00:59:22 IST" skipped="0">
  <testcase classname="excelr_project2.TS1toTS10" name="loginfunctionality" time="8.368"/>
  <testcase classname="excelr_project2.TS1toTS10" name="disply" time="6.340"/>
  <testcase classname="excelr_project2.TS1toTS10" name="loginfunctionality" time="6.586"/>
  <testcase classname="excelr_project2.TS1toTS10" name="loginfunctionality" time="13.534"/>
  <testcase classname="excelr_project2.TS1toTS10" name="loginfunctionality" time="8.793"/>
  <testcase classname="excelr_project2.TS1toTS10" name="loginfunctionality" time="8.031"/>
  <testcase classname="excelr_project2.TS1toTS10" name="loginfunctionality" time="6.851"/>
  <testcase classname="excelr_project2.TS1toTS10" name="loginfunctionality" time="9.168"/>
</testsuite> <!-- excelr_project2.TS1toTS10 -->
